Build started 1/28/2020 9:14:53 AM.
     1>Project "C:\Users\Ozyfur\Desktop\2D\gameframework2d\src\gf2d\gf2d.vcxproj" on node 2 (Rebuild target(s)).
     1>ClCompile:
         D:\VisualStudio\VC\bin\CL.exe /c /Zi /nologo /W3 /WX- /O2 /Oi /Oy- /GL /D WIN32 /D NDEBUG /D _CONSOLE /D _LIB /D _UNICODE /D UNICODE /Gm- /EHsc /MD /GS /Gy /fp:precise /Zc:wchar_t /Zc:forScope /Fo"Release\\" /Fd"Release\vc120.pdb" /Gd /TC /analyze- /errorReport:prompt ..\game.c ..\gf2d_draw.c ..\gf2d_graphics.c ..\gf2d_sprite.c
         game.c
     1>..\game.c(43): warning C4305: '+=' : truncation from 'double' to 'float'
     1>..\game.c(55): warning C4244: 'function' : conversion from 'int' to 'float', possible loss of data
         gf2d_draw.c
     1>..\gf2d_draw.c(9): warning C4244: 'function' : conversion from 'float' to 'Uint8', possible loss of data
     1>..\gf2d_draw.c(10): warning C4244: 'function' : conversion from 'float' to 'Uint8', possible loss of data
     1>..\gf2d_draw.c(11): warning C4244: 'function' : conversion from 'float' to 'Uint8', possible loss of data
     1>..\gf2d_draw.c(12): warning C4244: 'function' : conversion from 'float' to 'Uint8', possible loss of data
     1>..\gf2d_draw.c(13): warning C4018: '<' : signed/unsigned mismatch
     1>..\gf2d_draw.c(16): warning C4244: 'function' : conversion from 'float' to 'int', possible loss of data
     1>..\gf2d_draw.c(17): warning C4244: 'function' : conversion from 'float' to 'int', possible loss of data
     1>..\gf2d_draw.c(18): warning C4244: 'function' : conversion from 'float' to 'int', possible loss of data
     1>..\gf2d_draw.c(19): warning C4244: 'function' : conversion from 'float' to 'int', possible loss of data
     1>..\gf2d_draw.c(31): warning C4244: 'function' : conversion from 'float' to 'Uint8', possible loss of data
     1>..\gf2d_draw.c(32): warning C4244: 'function' : conversion from 'float' to 'Uint8', possible loss of data
     1>..\gf2d_draw.c(33): warning C4244: 'function' : conversion from 'float' to 'Uint8', possible loss of data
     1>..\gf2d_draw.c(34): warning C4244: 'function' : conversion from 'float' to 'Uint8', possible loss of data
     1>..\gf2d_draw.c(36): warning C4244: 'function' : conversion from 'float' to 'int', possible loss of data
     1>..\gf2d_draw.c(37): warning C4244: 'function' : conversion from 'float' to 'int', possible loss of data
     1>..\gf2d_draw.c(38): warning C4244: 'function' : conversion from 'float' to 'int', possible loss of data
     1>..\gf2d_draw.c(39): warning C4244: 'function' : conversion from 'float' to 'int', possible loss of data
     1>..\gf2d_draw.c(50): warning C4244: 'function' : conversion from 'float' to 'Uint8', possible loss of data
     1>..\gf2d_draw.c(51): warning C4244: 'function' : conversion from 'float' to 'Uint8', possible loss of data
     1>..\gf2d_draw.c(52): warning C4244: 'function' : conversion from 'float' to 'Uint8', possible loss of data
     1>..\gf2d_draw.c(53): warning C4244: 'function' : conversion from 'float' to 'Uint8', possible loss of data
     1>..\gf2d_draw.c(65): warning C4244: 'function' : conversion from 'float' to 'Uint8', possible loss of data
     1>..\gf2d_draw.c(66): warning C4244: 'function' : conversion from 'float' to 'Uint8', possible loss of data
     1>..\gf2d_draw.c(67): warning C4244: 'function' : conversion from 'float' to 'Uint8', possible loss of data
     1>..\gf2d_draw.c(68): warning C4244: 'function' : conversion from 'float' to 'Uint8', possible loss of data
     1>..\gf2d_draw.c(75): warning C4244: 'function' : conversion from 'float' to 'Uint8', possible loss of data
     1>..\gf2d_draw.c(76): warning C4244: 'function' : conversion from 'float' to 'Uint8', possible loss of data
     1>..\gf2d_draw.c(77): warning C4244: 'function' : conversion from 'float' to 'Uint8', possible loss of data
     1>..\gf2d_draw.c(78): warning C4244: 'function' : conversion from 'float' to 'Uint8', possible loss of data
     1>..\gf2d_draw.c(80): warning C4244: 'function' : conversion from 'float' to 'int', possible loss of data
     1>..\gf2d_draw.c(81): warning C4244: 'function' : conversion from 'float' to 'int', possible loss of data
     1>..\gf2d_draw.c(87): warning C4244: 'function' : conversion from 'float' to 'Uint8', possible loss of data
     1>..\gf2d_draw.c(88): warning C4244: 'function' : conversion from 'float' to 'Uint8', possible loss of data
     1>..\gf2d_draw.c(89): warning C4244: 'function' : conversion from 'float' to 'Uint8', possible loss of data
     1>..\gf2d_draw.c(90): warning C4244: 'function' : conversion from 'float' to 'Uint8', possible loss of data
     1>..\gf2d_draw.c(105): warning C4244: '=' : conversion from 'float' to 'int', possible loss of data
     1>..\gf2d_draw.c(106): warning C4244: '=' : conversion from 'float' to 'int', possible loss of data
     1>..\gf2d_draw.c(107): warning C4244: '=' : conversion from 'float' to 'int', possible loss of data
     1>..\gf2d_draw.c(108): warning C4244: '=' : conversion from 'float' to 'int', possible loss of data
     1>..\gf2d_draw.c(113): warning C4244: '=' : conversion from 'float' to 'int', possible loss of data
     1>..\gf2d_draw.c(114): warning C4244: '=' : conversion from 'float' to 'int', possible loss of data
     1>..\gf2d_draw.c(115): warning C4244: '=' : conversion from 'float' to 'int', possible loss of data
     1>..\gf2d_draw.c(116): warning C4244: '=' : conversion from 'float' to 'int', possible loss of data
     1>..\gf2d_draw.c(121): warning C4244: '=' : conversion from 'float' to 'int', possible loss of data
     1>..\gf2d_draw.c(122): warning C4244: '=' : conversion from 'float' to 'int', possible loss of data
     1>..\gf2d_draw.c(123): warning C4244: '=' : conversion from 'float' to 'int', possible loss of data
     1>..\gf2d_draw.c(124): warning C4244: '=' : conversion from 'float' to 'int', possible loss of data
     1>..\gf2d_draw.c(125): warning C4244: '=' : conversion from 'float' to 'int', possible loss of data
     1>..\gf2d_draw.c(126): warning C4244: '=' : conversion from 'float' to 'int', possible loss of data
     1>..\gf2d_draw.c(127): warning C4244: '=' : conversion from 'float' to 'int', possible loss of data
     1>..\gf2d_draw.c(128): warning C4244: '=' : conversion from 'float' to 'int', possible loss of data
     1>..\gf2d_draw.c(140): warning C4244: '=' : conversion from 'int' to 'float', possible loss of data
     1>..\gf2d_draw.c(153): warning C4244: '+=' : conversion from 'float' to 'int', possible loss of data
     1>..\gf2d_draw.c(158): warning C4244: '+=' : conversion from 'float' to 'int', possible loss of data
     1>..\gf2d_draw.c(168): warning C4244: 'function' : conversion from 'float' to 'Uint8', possible loss of data
     1>..\gf2d_draw.c(169): warning C4244: 'function' : conversion from 'float' to 'Uint8', possible loss of data
     1>..\gf2d_draw.c(170): warning C4244: 'function' : conversion from 'float' to 'Uint8', possible loss of data
     1>..\gf2d_draw.c(171): warning C4244: 'function' : conversion from 'float' to 'Uint8', possible loss of data
         gf2d_graphics.c
     1>..\gf2d_graphics.c(126): warning C4244: 'function' : conversion from 'float' to 'Uint8', possible loss of data
     1>..\gf2d_graphics.c(131): warning C4113: 'void (__cdecl *)()' differs in parameter lists from 'void (__cdecl *)(void)'
     1>..\gf2d_graphics.c(202): warning C4244: '=' : conversion from 'double' to 'float', possible loss of data
     1>..\gf2d_graphics.c(219): warning C4244: 'function' : conversion from 'float' to 'Uint8', possible loss of data
     1>..\gf2d_graphics.c(220): warning C4244: 'function' : conversion from 'float' to 'Uint8', possible loss of data
     1>..\gf2d_graphics.c(221): warning C4244: 'function' : conversion from 'float' to 'Uint8', possible loss of data
     1>..\gf2d_graphics.c(222): warning C4244: 'function' : conversion from 'float' to 'Uint8', possible loss of data
         gf2d_sprite.c
     1>..\gf2d_sprite.c(47): warning C4113: 'void (__cdecl *)()' differs in parameter lists from 'void (__cdecl *)(void)'
     1>..\gf2d_sprite.c(69): warning C4018: '<' : signed/unsigned mismatch
     1>..\gf2d_sprite.c(79): warning C4018: '<' : signed/unsigned mismatch
     1>..\gf2d_sprite.c(88): warning C4018: '<' : signed/unsigned mismatch
     1>..\gf2d_sprite.c(104): warning C4018: '<' : signed/unsigned mismatch
     1>..\gf2d_sprite.c(183): warning C4996: 'strncpy': This function or variable may be unsafe. Consider using strncpy_s instead. To disable deprecation, use _CRT_SECURE_NO_WARNINGS. See online help for details.
                 D:\VisualStudio\VC\include\string.h(195) : see declaration of 'strncpy'
     1>..\gf2d_sprite.c(233): warning C4244: '=' : conversion from 'float' to 'int', possible loss of data
     1>..\gf2d_sprite.c(234): warning C4244: '*=' : conversion from 'float' to 'int', possible loss of data
     1>..\gf2d_sprite.c(235): warning C4244: '*=' : conversion from 'float' to 'int', possible loss of data
     1>..\gf2d_sprite.c(246): warning C4244: 'function' : conversion from 'float' to 'Uint8', possible loss of data
     1>..\gf2d_sprite.c(247): warning C4244: 'function' : conversion from 'float' to 'Uint8', possible loss of data
     1>..\gf2d_sprite.c(248): warning C4244: 'function' : conversion from 'float' to 'Uint8', possible loss of data
     1>..\gf2d_sprite.c(251): warning C4244: 'function' : conversion from 'float' to 'Uint8', possible loss of data
     1>..\gf2d_sprite.c(266): warning C4244: '=' : conversion from 'float' to 'int', possible loss of data
       Link:
         D:\VisualStudio\VC\bin\link.exe /ERRORREPORT:PROMPT /OUT:"C:\Users\Ozyfur\Desktop\2D\gameframework2d\src\gf2d\Release\gf2d.exe" /INCREMENTAL:NO /NOLOGO "libjpeg-9.dll" kernel32.lib user32.lib gdi32.lib winspool.lib comdlg32.lib advapi32.lib shell32.lib ole32.lib oleaut32.lib uuid.lib odbc32.lib odbccp32.lib /MANIFEST /MANIFESTUAC:"level='asInvoker' uiAccess='false'" /manifest:embed /DEBUG /PDB:"C:\Users\Ozyfur\Desktop\2D\gameframework2d\src\gf2d\Release\gf2d.pdb" /SUBSYSTEM:CONSOLE /OPT:REF /OPT:ICF /LTCG /TLBID:1 /DYNAMICBASE /NXCOMPAT /IMPLIB:"C:\Users\Ozyfur\Desktop\2D\gameframework2d\src\gf2d\Release\gf2d.lib" /MACHINE:X86 /SAFESEH Release\game.obj
         Release\gf2d_draw.obj
         Release\gf2d_graphics.obj
         Release\gf2d_sprite.obj
     1>C:\Users\Ozyfur\Documents\VULKANREAL\SDL2_image-2.0.5\lib\x86\libjpeg-9.dll : fatal error LNK1107: invalid or corrupt file: cannot read at 0x2E0
     1>Done Building Project "C:\Users\Ozyfur\Desktop\2D\gameframework2d\src\gf2d\gf2d.vcxproj" (Rebuild target(s)) -- FAILED.

Build FAILED.

Time Elapsed 00:00:01.16
