c:\users\ozyfur\desktop\2d\gameframework2d\src\gf2d\debug\vc120.pdb
c:\users\ozyfur\desktop\2d\gameframework2d\src\gf2d\debug\vc120.idb
c:\users\ozyfur\desktop\2d\gameframework2d\src\gf2d\debug\simple_json_array.obj
c:\users\ozyfur\desktop\2d\gameframework2d\src\gf2d\debug\simple_json_error.obj
c:\users\ozyfur\desktop\2d\gameframework2d\src\gf2d\debug\simple_json_list.obj
c:\users\ozyfur\desktop\2d\gameframework2d\src\gf2d\debug\simple_json_object.obj
c:\users\ozyfur\desktop\2d\gameframework2d\src\gf2d\debug\simple_json_parse.obj
c:\users\ozyfur\desktop\2d\gameframework2d\src\gf2d\debug\simple_json_string.obj
c:\users\ozyfur\desktop\2d\gameframework2d\src\gf2d\debug\simple_logger.obj
c:\users\ozyfur\desktop\2d\gameframework2d\src\gf2d\debug\gfc_audio.obj
c:\users\ozyfur\desktop\2d\gameframework2d\src\gf2d\debug\gfc_callbacks.obj
c:\users\ozyfur\desktop\2d\gameframework2d\src\gf2d\debug\gfc_input.obj
c:\users\ozyfur\desktop\2d\gameframework2d\src\gf2d\debug\gfc_list.obj
c:\users\ozyfur\desktop\2d\gameframework2d\src\gf2d\debug\gfc_matrix.obj
c:\users\ozyfur\desktop\2d\gameframework2d\src\gf2d\debug\gfc_text.obj
c:\users\ozyfur\desktop\2d\gameframework2d\src\gf2d\debug\gfc_types.obj
c:\users\ozyfur\desktop\2d\gameframework2d\src\gf2d\debug\gfc_vector.obj
c:\users\ozyfur\desktop\2d\gameframework2d\src\gf2d\debug\game.obj
c:\users\ozyfur\desktop\2d\gameframework2d\src\gf2d\debug\gf2d_draw.obj
c:\users\ozyfur\desktop\2d\gameframework2d\src\gf2d\debug\gf2d_entity.obj
c:\users\ozyfur\desktop\2d\gameframework2d\src\gf2d\debug\gf2d_graphics.obj
c:\users\ozyfur\desktop\2d\gameframework2d\src\gf2d\debug\gf2d_sprite.obj
c:\users\ozyfur\desktop\2d\gameframework2d\src\gf2d\debug\simple_json.obj
c:\users\ozyfur\desktop\2d\gameframework2d\gf2d.ilk
c:\users\ozyfur\desktop\2d\gameframework2d\gf2d.exe
c:\users\ozyfur\desktop\2d\gameframework2d\gf2d.pdb
c:\users\ozyfur\desktop\2d\gameframework2d\src\gf2d\debug\gf2d.tlog\cl.command.1.tlog
c:\users\ozyfur\desktop\2d\gameframework2d\src\gf2d\debug\gf2d.tlog\cl.read.1.tlog
c:\users\ozyfur\desktop\2d\gameframework2d\src\gf2d\debug\gf2d.tlog\cl.write.1.tlog
c:\users\ozyfur\desktop\2d\gameframework2d\src\gf2d\debug\gf2d.tlog\link.command.1.tlog
c:\users\ozyfur\desktop\2d\gameframework2d\src\gf2d\debug\gf2d.tlog\link.read.1.tlog
c:\users\ozyfur\desktop\2d\gameframework2d\src\gf2d\debug\gf2d.tlog\link.write.1.tlog
